<?xml version="1.0" encoding="UTF-8"?>
<!-- Generated by org.testng.reporters.JUnitXMLReporter -->
<testsuite hostname="Nikhil3145218" ignored="0" name="CRM Sanity Test" tests="5" failures="0" timestamp="31 Jul 2021 09:22:49 GMT" time="21.991" errors="0">
  <testcase name="verifyLoginPageTitleTest" time="0.126" classname="com.qa.zoho.tests.LoginPageTest"/>
  <testcase name="verifysignUpLinkTest" time="7.887" classname="com.qa.zoho.tests.LoginPageTest"/>
  <testcase name="verifyClassicCRMTest" time="0.089" classname="com.qa.zoho.tests.LoginPageTest"/>
  <testcase name="verifyForgotPasswordTest" time="0.084" classname="com.qa.zoho.tests.LoginPageTest"/>
  <testcase name="loginTest" time="2.759" classname="com.qa.zoho.tests.LoginPageTest"/>
</testsuite> <!-- CRM Sanity Test -->
