<?xml version="1.0" encoding="UTF-8"?>
<!-- Generated by org.testng.reporters.JUnitXMLReporter -->
<testsuite hostname="Nikhil3145218" name="CRM Sanity Test" tests="5" failures="0" timestamp="30 Jul 2021 21:09:14 GMT" time="13.927" errors="0">
  <testcase name="verifyLoginPageTitleTest" time="0.106" classname="com.qa.zoho.tests.LoginPageTest"/>
  <testcase name="verifysignUpLinkTest" time="3.585" classname="com.qa.zoho.tests.LoginPageTest"/>
  <testcase name="verifyClassicCRMTest" time="0.1" classname="com.qa.zoho.tests.LoginPageTest"/>
  <testcase name="verifyForgotPasswordTest" time="0.067" classname="com.qa.zoho.tests.LoginPageTest"/>
  <testcase name="loginTest" time="1.735" classname="com.qa.zoho.tests.LoginPageTest"/>
</testsuite> <!-- CRM Sanity Test -->
