<?xml version="1.0" encoding="UTF-8"?>
<!-- Generated by org.testng.reporters.JUnitXMLReporter -->
<testsuite hostname="Nikhil3145218" name="CRM Sanity Test" tests="5" failures="0" timestamp="31 Jul 2021 21:59:01 GMT" time="14.862" errors="0">
  <testcase name="verifyLoginPageTitleTest" time="0.135" classname="com.qa.zoho.tests.LoginPageTest"/>
  <testcase name="verifysignUpLinkTest" time="2.597" classname="com.qa.zoho.tests.LoginPageTest"/>
  <testcase name="verifyClassicCRMTest" time="0.14" classname="com.qa.zoho.tests.LoginPageTest"/>
  <testcase name="verifyForgotPasswordTest" time="0.105" classname="com.qa.zoho.tests.LoginPageTest"/>
  <testcase name="loginTest" time="2.668" classname="com.qa.zoho.tests.LoginPageTest"/>
</testsuite> <!-- CRM Sanity Test -->
