<?xml version="1.0" encoding="UTF-8"?>
<testsuite xmlns:xsi="http://www.w3.org/2001/XMLSchema-instance" xsi:noNamespaceSchemaLocation="https://maven.apache.org/surefire/maven-surefire-plugin/xsd/surefire-test-report.xsd" name="TestSuite" time="25.687" tests="5" errors="0" skipped="0" failures="0">
  <properties>
[...]
</properties>
  <testcase name="verifyLoginPageTitleTest" classname="com.qa.zoho.tests.LoginPageTest" time="0.13"/>
  <testcase name="verifysignUpLinkTest" classname="com.qa.zoho.tests.LoginPageTest" time="7.885"/>
  <testcase name="verifyClassicCRMTest" classname="com.qa.zoho.tests.LoginPageTest" time="0.089"/>
  <testcase name="verifyForgotPasswordTest" classname="com.qa.zoho.tests.LoginPageTest" time="0.076"/>
  <testcase name="loginTest" classname="com.qa.zoho.tests.LoginPageTest" time="2.758"/>
</testsuite>